c:\users\anand\source\repos\happycoding\virtual account manager\debug\virtual account manager.pch
c:\users\anand\source\repos\happycoding\virtual account manager\debug\vc141.pdb
c:\users\anand\source\repos\happycoding\virtual account manager\debug\vc141.idb
c:\users\anand\source\repos\happycoding\virtual account manager\debug\pch.obj
c:\users\anand\source\repos\happycoding\virtual account manager\debug\virtual account manager.obj
c:\users\anand\source\repos\happycoding\virtual account manager\debug\trustaccount.obj
c:\users\anand\source\repos\happycoding\virtual account manager\debug\savingsaccount.obj
c:\users\anand\source\repos\happycoding\virtual account manager\debug\i_printable.obj
c:\users\anand\source\repos\happycoding\virtual account manager\debug\insufficientfundsexception.obj
c:\users\anand\source\repos\happycoding\virtual account manager\debug\illegalbalanceexception.obj
c:\users\anand\source\repos\happycoding\virtual account manager\debug\checkingsaccount.obj
c:\users\anand\source\repos\happycoding\virtual account manager\debug\accounts_util.obj
c:\users\anand\source\repos\happycoding\virtual account manager\debug\account.obj
c:\users\anand\source\repos\happycoding\debug\virtual account manager.ilk
c:\users\anand\source\repos\happycoding\debug\virtual account manager.exe
c:\users\anand\source\repos\happycoding\debug\virtual account manager.pdb
c:\users\anand\source\repos\happycoding\virtual account manager\debug\virtual .bf51d51f.tlog\cl.command.1.tlog
c:\users\anand\source\repos\happycoding\virtual account manager\debug\virtual .bf51d51f.tlog\cl.read.1.tlog
c:\users\anand\source\repos\happycoding\virtual account manager\debug\virtual .bf51d51f.tlog\cl.write.1.tlog
c:\users\anand\source\repos\happycoding\virtual account manager\debug\virtual .bf51d51f.tlog\link.command.1.tlog
c:\users\anand\source\repos\happycoding\virtual account manager\debug\virtual .bf51d51f.tlog\link.read.1.tlog
c:\users\anand\source\repos\happycoding\virtual account manager\debug\virtual .bf51d51f.tlog\link.write.1.tlog
